[ 2017-10-30 09:37:34.409405 ] CANCEL  {'PayerCode': '2254', 'ServiceName': 'Интернет', 'remote_address': 'xxx.xxx.xxx.xxx', 'NTran': '2800125466', 'DTran': '20170101175859', 'S': '53', 'date': datetime.datetime(2017, 10, 30, 9, 37, 34, 409405)}
[ 2017-10-30 10:04:24.376191 ] CHECK  {'PayerCode': '2254', 'ServiceName': 'Интернет', 'remote_address': 'xxx.xxx.xxx.xxx', 'date': datetime.datetime(2017, 10, 30, 10, 4, 24, 376191), 'info': {'Status': 0, 'FIO': 'Тестовая Учетка', 'Balance': 0.0}}
[ 2017-10-30 10:04:55.956705 ] CHECK  {'PayerCode': '22254', 'ServiceName': 'Интернет', 'remote_address': 'xxx.xxx.xxx.xxx', 'date': datetime.datetime(2017, 10, 30, 10, 4, 55, 956705), 'info': {'Status': 100}}
[ 2017-10-30 10:05:04.444622 ] CHECK  {'PayerCode': '2254', 'ServiceName': 'Интернет', 'remote_address': 'xxx.xxx.xxx.xxx', 'date': datetime.datetime(2017, 10, 30, 10, 5, 4, 444622), 'info': {'Status': 0, 'FIO': 'Тестовая Учетка', 'Balance': 0.0}}
[ 2017-10-30 10:07:11.845845 ] CHECK  {'PayerCode': '2254', 'ServiceName': 'Интернет', 'remote_address': 'xxx.xxx.xxx.xxx', 'date': datetime.datetime(2017, 10, 30, 10, 7, 11, 845845), 'info': {'Status': 0, 'FIO': 'Тестовая Учетка', 'Balance': 0.0}}
[ 2017-10-30 10:10:09.212825 ] CHECK  {'PayerCode': '254', 'ServiceName': 'Интернет', 'remote_address': 'xxx.xxx.xxx.xxx', 'date': datetime.datetime(2017, 10, 30, 10, 10, 9, 212825), 'info': {'Status': 100}}
[ 2017-10-30 10:10:15.878168 ] CHECK  {'PayerCode': '2254', 'ServiceName': 'Интернет', 'remote_address': 'xxx.xxx.xxx.xxx', 'date': datetime.datetime(2017, 10, 30, 10, 10, 15, 878168), 'info': {'Status': 0, 'FIO': 'Тестовая Учетка', 'Balance': 0.0}}
[ 2017-10-30 10:10:23.918712 ] CHECK  {'PayerCode': '2254', 'ServiceName': '', 'remote_address': 'xxx.xxx.xxx.xxx', 'date': datetime.datetime(2017, 10, 30, 10, 10, 23, 918712), 'info': {'Status': 0, 'FIO': 'Тестовая Учетка', 'Balance': 0.0}}
[ 2017-10-30 10:10:37.764812 ] PAY  {'date': datetime.datetime(2017, 10, 30, 10, 10, 37, 764812), 'PayerCode': '2254', 'ServiceName': 'Интернет', 'NTran': '0800125466', 'DTran': '20170101175859', 'S': '5', 'remote_address': 'xxx.xxx.xxx.xxx'}
Exception on /pay [GET]
Traceback (most recent call last):
  File "/usr/local/lib/python3.6/site-packages/flask/app.py", line 1982, in wsgi_app
    response = self.full_dispatch_request()
  File "/usr/local/lib/python3.6/site-packages/flask/app.py", line 1614, in full_dispatch_request
    rv = self.handle_user_exception(e)
  File "/usr/local/lib/python3.6/site-packages/flask/app.py", line 1517, in handle_user_exception
    reraise(exc_type, exc_value, tb)
  File "/usr/local/lib/python3.6/site-packages/flask/_compat.py", line 33, in reraise
    raise value
  File "/usr/local/lib/python3.6/site-packages/flask/app.py", line 1612, in full_dispatch_request
    rv = self.dispatch_request()
  File "/usr/local/lib/python3.6/site-packages/flask/app.py", line 1598, in dispatch_request
    return self.view_functions[rule.endpoint](**req.view_args)
  File "./WebSrvFlaskIntegra.py", line 120, in pay
    status = json.dumps(info, ensure_ascii=False)
  File "/usr/local/lib/python3.6/json/__init__.py", line 238, in dumps
    **kw).encode(obj)
  File "/usr/local/lib/python3.6/json/encoder.py", line 199, in encode
    chunks = self.iterencode(o, _one_shot=True)
  File "/usr/local/lib/python3.6/json/encoder.py", line 257, in iterencode
    return _iterencode(o, 0)
  File "/usr/local/lib/python3.6/json/encoder.py", line 180, in default
    o.__class__.__name__)
TypeError: Object of type 'IntegraClass' is not JSON serializable
[ 2017-10-30 10:13:08.101499 ] PAY  {'date': datetime.datetime(2017, 10, 30, 10, 13, 8, 101499), 'PayerCode': '2254', 'ServiceName': 'Интернет', 'NTran': '0800125466', 'DTran': '20170101175859', 'S': '5', 'remote_address': 'xxx.xxx.xxx.xxx'}
[ 2017-10-30 10:13:24.367869 ] PAY  {'date': datetime.datetime(2017, 10, 30, 10, 13, 24, 367869), 'PayerCode': '2254', 'ServiceName': 'Интернет', 'NTran': '0800125466', 'DTran': '20170101175859', 'S': '5222', 'remote_address': 'xxx.xxx.xxx.xxx'}
[ 2017-10-30 10:13:30.001995 ] PAY  {'date': datetime.datetime(2017, 10, 30, 10, 13, 30, 1995), 'PayerCode': '22524', 'ServiceName': 'Интернет', 'NTran': '0800125466', 'DTran': '20170101175859', 'S': '5222', 'remote_address': 'xxx.xxx.xxx.xxx'}
[ 2017-10-30 10:13:39.864555 ] PAY  {'date': datetime.datetime(2017, 10, 30, 10, 13, 39, 864555), 'PayerCode': '2254', 'ServiceName': 'Интернет', 'NTran': '0800125466', 'DTran': '20170101175859', 'S': '52', 'remote_address': 'xxx.xxx.xxx.xxx'}
[ 2017-10-30 10:14:04.985230 ] PAY  {'date': datetime.datetime(2017, 10, 30, 10, 14, 4, 985230), 'PayerCode': '2254', 'ServiceName': 'Интернет', 'NTran': '3800125466', 'DTran': '20171101175859', 'S': '52', 'remote_address': 'xxx.xxx.xxx.xxx'}
[ 2017-10-30 10:14:18.270046 ] CANCEL  {'PayerCode': '2254', 'ServiceName': 'Интернет', 'remote_address': 'xxx.xxx.xxx.xxx', 'NTran': '3800125466', 'DTran': '20171101175859', 'S': '52', 'date': datetime.datetime(2017, 10, 30, 10, 14, 18, 270046)}
[ 2017-10-30 10:14:42.188143 ] CANCEL  {'PayerCode': '2254', 'ServiceName': 'Интернет', 'remote_address': 'xxx.xxx.xxx.xxx', 'NTran': '3800125466', 'DTran': '20171101175859', 'S': '52', 'date': datetime.datetime(2017, 10, 30, 10, 14, 42, 188143)}
[ 2017-10-30 10:46:25.957880 ] PAY  {'date': datetime.datetime(2017, 10, 30, 10, 46, 25, 957880), 'PayerCode': '2254', 'ServiceName': 'Интернет', 'NTran': '3800125466', 'DTran': '20171030101859', 'S': '52', 'remote_address': 'xxx.xxx.xxx.xxx'}
[ 2017-10-30 10:46:36.539337 ] PAY  {'date': datetime.datetime(2017, 10, 30, 10, 46, 36, 539337), 'PayerCode': '2254', 'ServiceName': 'Интернет', 'NTran': '44400125466', 'DTran': '20171030101859', 'S': '52', 'remote_address': 'xxx.xxx.xxx.xxx'}
[ 2017-10-30 10:46:51.552781 ] CANCEL  {'PayerCode': '2254', 'ServiceName': 'Интернет', 'remote_address': 'xxx.xxx.xxx.xxx', 'NTran': '44400125466', 'DTran': '20171030101859', 'S': '52', 'date': datetime.datetime(2017, 10, 30, 10, 46, 51, 552781)}
[ 2017-10-30 10:49:15.399614 ] PAY  {'date': datetime.datetime(2017, 10, 30, 10, 49, 15, 399614), 'PayerCode': '2254', 'ServiceName': 'Интернет', 'NTran': '45500125466', 'DTran': '20171030101659', 'S': '52', 'remote_address': 'xxx.xxx.xxx.xxx'}
[ 2017-10-30 10:49:32.989536 ] CANCEL  {'PayerCode': '2254', 'ServiceName': 'Интернет', 'remote_address': 'xxx.xxx.xxx.xxx', 'NTran': '45500125466', 'DTran': '20171030101659', 'S': '52', 'date': datetime.datetime(2017, 10, 30, 10, 49, 32, 989536)}
[ 2017-10-30 10:50:14.488441 ] CANCEL  {'PayerCode': '2254', 'ServiceName': 'Интернет', 'remote_address': 'xxx.xxx.xxx.xxx', 'NTran': '45560125466', 'DTran': '20171030101749', 'S': '52', 'date': datetime.datetime(2017, 10, 30, 10, 50, 14, 488441)}
[ 2017-10-30 10:50:30.875461 ] PAY  {'date': datetime.datetime(2017, 10, 30, 10, 50, 30, 875461), 'PayerCode': '2254', 'ServiceName': 'Интернет', 'NTran': '45560125467', 'DTran': '20171030101749', 'S': '52', 'remote_address': 'xxx.xxx.xxx.xxx'}
[ 2017-10-30 10:50:51.222299 ] CANCEL  {'PayerCode': '2254', 'ServiceName': 'Интернет', 'remote_address': 'xxx.xxx.xxx.xxx', 'NTran': '45560125467', 'DTran': '20171030101749', 'S': '52', 'date': datetime.datetime(2017, 10, 30, 10, 50, 51, 222299)}
[ 2017-10-30 10:51:26.433693 ] PAY  {'date': datetime.datetime(2017, 10, 30, 10, 51, 26, 433693), 'PayerCode': '2254', 'ServiceName': 'Интернет', 'NTran': '9765125467', 'DTran': '20171030102749', 'S': '51', 'remote_address': 'xxx.xxx.xxx.xxx'}
[ 2017-10-30 10:51:42.168355 ] CANCEL  {'PayerCode': '2254', 'ServiceName': 'Интернет', 'remote_address': 'xxx.xxx.xxx.xxx', 'NTran': '9765125467', 'DTran': '20171030102749', 'S': '51', 'date': datetime.datetime(2017, 10, 30, 10, 51, 42, 168355)}
[ 2017-10-30 10:53:16.587118 ] PAY  {'date': datetime.datetime(2017, 10, 30, 10, 53, 16, 587118), 'PayerCode': '2254', 'ServiceName': 'Интернет', 'NTran': '1113125467', 'DTran': '20171030104449', 'S': '55', 'remote_address': 'xxx.xxx.xxx.xxx'}
[ 2017-10-30 10:58:24.742370 ] PAY  {'date': datetime.datetime(2017, 10, 30, 10, 58, 24, 742370), 'PayerCode': '2254', 'ServiceName': 'Интернет', 'NTran': '1113125467', 'DTran': '20171030104449', 'S': '55', 'remote_address': 'xxx.xxx.xxx.xxx'}
[ 2017-10-30 10:58:31.997265 ] PAY  {'date': datetime.datetime(2017, 10, 30, 10, 58, 31, 997265), 'PayerCode': '2254', 'ServiceName': 'Интернет', 'NTran': '1313125467', 'DTran': '20171030104449', 'S': '55', 'remote_address': 'xxx.xxx.xxx.xxx'}
[ 2017-10-30 10:58:44.687320 ] CANCEL  {'PayerCode': '2254', 'ServiceName': 'Интернет', 'remote_address': 'xxx.xxx.xxx.xxx', 'NTran': '1313125467', 'DTran': '20171030104449', 'S': '55', 'date': datetime.datetime(2017, 10, 30, 10, 58, 44, 687320)}
[ 2017-10-30 11:05:18.900631 ] CHECK  {'PayerCode': '2254', 'ServiceName': 'Интернет', 'remote_address': 'xxx.xxx.xxx.xxx', 'date': datetime.datetime(2017, 10, 30, 11, 5, 18, 900631), 'info': {'Status': 105}}
[ 2017-10-30 11:05:28.440392 ] CHECK  {'PayerCode': '2251', 'ServiceName': 'Интернет', 'remote_address': 'xxx.xxx.xxx.xxx', 'date': datetime.datetime(2017, 10, 30, 11, 5, 28, 440392), 'info': {'Status': 0, 'FIO': 'Кириченко Александр Викторович', 'Balance': 250.0}}
[ 2017-10-30 11:05:45.332925 ] CHECK  {'PayerCode': '2254', 'ServiceName': 'Интернет', 'remote_address': 'xxx.xxx.xxx.xxx', 'date': datetime.datetime(2017, 10, 30, 11, 5, 45, 332925), 'info': {'Status': 105}}
A warning occurred (42 apples)
An error occurred
A warning occurred (42 apples)
An error occurred
